2026-03-04 10:18:03.543 [main] INFO  com.trivago.automation.api.tests.HotelsAPITest - 

2026-03-04 10:18:03.570 [main] INFO  com.trivago.automation.api.tests.HotelsAPITest - ╔════════════════════════════════════════════════════════╗
2026-03-04 10:18:03.572 [main] INFO  com.trivago.automation.api.tests.HotelsAPITest - ║         STARTING TRIVAGO API TESTS WITH MOCK SERVER    ║
2026-03-04 10:18:03.573 [main] INFO  com.trivago.automation.api.tests.HotelsAPITest - ╚════════════════════════════════════════════════════════╝
2026-03-04 10:18:05.345 [main] INFO  org.eclipse.jetty.util.log - Logging initialized @11679ms to org.eclipse.jetty.util.log.Slf4jLog
2026-03-04 10:18:06.550 [main] INFO  org.eclipse.jetty.server.Server - jetty-9.4.49.v20220914; built: 2022-09-14T01:07:36.601Z; git: 4231a3b2e4cb8548a412a789936d640a97b1aa0a; jvm 17.0.8+9-LTS-211
2026-03-04 10:18:06.600 [main] INFO  org.eclipse.jetty.server.handler.ContextHandler - Started o.e.j.s.ServletContextHandler@1fde4f40{/__admin,null,AVAILABLE}
2026-03-04 10:18:06.629 [main] INFO  org.eclipse.jetty.server.handler.ContextHandler.ROOT - RequestHandlerClass from context returned com.github.tomakehurst.wiremock.http.StubRequestHandler. Normalized mapped under returned 'null'
2026-03-04 10:18:06.630 [main] INFO  org.eclipse.jetty.server.handler.ContextHandler - Started o.e.j.s.ServletContextHandler@57a48985{/,null,AVAILABLE}
2026-03-04 10:18:06.683 [main] INFO  org.eclipse.jetty.server.AbstractConnector - Started NetworkTrafficServerConnector@412c995d{HTTP/1.1, (http/1.1, h2c)}{0.0.0.0:8080}
2026-03-04 10:18:06.684 [main] INFO  org.eclipse.jetty.server.Server - Started @13023ms
2026-03-04 10:18:06.684 [main] INFO  com.trivago.automation.api.mock.MockApiServer - ════════════════════════════════════════════════════════
2026-03-04 10:18:06.685 [main] INFO  com.trivago.automation.api.mock.MockApiServer - ✓ MOCK API SERVER STARTED
2026-03-04 10:18:06.685 [main] INFO  com.trivago.automation.api.mock.MockApiServer - ════════════════════════════════════════════════════════
2026-03-04 10:18:06.685 [main] INFO  com.trivago.automation.api.mock.MockApiServer - Base URL: http://localhost:8080
2026-03-04 10:18:06.685 [main] INFO  com.trivago.automation.api.mock.MockApiServer - ════════════════════════════════════════════════════════
2026-03-04 10:18:06.685 [main] INFO  com.trivago.automation.api.mock.MockApiServer - ────────────────────────────────────────────────────────
2026-03-04 10:18:06.685 [main] INFO  com.trivago.automation.api.mock.MockApiServer - SETTING UP MOCK ENDPOINTS
2026-03-04 10:18:06.686 [main] INFO  com.trivago.automation.api.mock.MockApiServer - ────────────────────────────────────────────────────────
2026-03-04 10:18:06.746 [main] INFO  com.trivago.automation.api.mock.MockApiServer - ✓ Mocked: GET /v1/hotels/search → 200 OK (5 hotels)
2026-03-04 10:18:06.748 [main] INFO  com.trivago.automation.api.mock.MockApiServer - ✓ Mocked: GET /v1/hotels/filter → 200 OK (filtered results)
2026-03-04 10:18:06.750 [main] INFO  com.trivago.automation.api.mock.MockApiServer - ✓ Mocked: POST /v1/bookings → 201 Created (booking confirmed)
2026-03-04 10:18:06.751 [main] INFO  com.trivago.automation.api.mock.MockApiServer - ✓ Mocked: GET /v1/hotels/sort → 200 OK (sorted by rating)
2026-03-04 10:18:06.753 [main] INFO  com.trivago.automation.api.mock.MockApiServer - ✓ Mocked: GET /v1/hotels/{id} → 200 OK (hotel details)
2026-03-04 10:18:06.756 [main] INFO  com.trivago.automation.api.mock.MockApiServer - ✓ Mocked: GET /v1/hotels/search (missing params) → 400 Bad Request
2026-03-04 10:18:06.756 [main] INFO  com.trivago.automation.api.mock.MockApiServer - ────────────────────────────────────────────────────────
2026-03-04 10:18:06.756 [main] INFO  com.trivago.automation.api.mock.MockApiServer - ✓ ALL MOCK ENDPOINTS CONFIGURED
2026-03-04 10:18:06.757 [main] INFO  com.trivago.automation.api.mock.MockApiServer - ────────────────────────────────────────────────────────
2026-03-04 10:18:06.757 [main] INFO  com.trivago.automation.api.tests.HotelsAPITest - 
2026-03-04 10:18:06.759 [main] INFO  com.trivago.automation.api.utils.APIConfig - ✓ API Configuration loaded from application.properties
2026-03-04 10:18:06.760 [main] INFO  com.trivago.automation.api.utils.APIConfig - ════════════════════════════════════════════════════════
2026-03-04 10:18:06.760 [main] INFO  com.trivago.automation.api.utils.APIConfig - API CONFIGURATION (from application.properties)
2026-03-04 10:18:06.760 [main] INFO  com.trivago.automation.api.utils.APIConfig - ════════════════════════════════════════════════════════
2026-03-04 10:18:06.760 [main] INFO  com.trivago.automation.api.utils.APIConfig - Base URL: http://localhost:8080
2026-03-04 10:18:06.761 [main] INFO  com.trivago.automation.api.utils.APIConfig - API Version: v1
2026-03-04 10:18:06.761 [main] INFO  com.trivago.automation.api.utils.APIConfig - Timeout: 10000 ms
2026-03-04 10:18:06.761 [main] INFO  com.trivago.automation.api.utils.APIConfig - Connection Timeout: 5000 ms
2026-03-04 10:18:06.761 [main] INFO  com.trivago.automation.api.utils.APIConfig - ─────────────────────────────────────────────────────
2026-03-04 10:18:06.761 [main] INFO  com.trivago.automation.api.utils.APIConfig - ENDPOINTS
2026-03-04 10:18:06.761 [main] INFO  com.trivago.automation.api.utils.APIConfig - ─────────────────────────────────────────────────────
2026-03-04 10:18:06.762 [main] INFO  com.trivago.automation.api.utils.APIConfig - Search: /hotels/search
2026-03-04 10:18:06.762 [main] INFO  com.trivago.automation.api.utils.APIConfig - Hotels: /hotels
2026-03-04 10:18:06.762 [main] INFO  com.trivago.automation.api.utils.APIConfig - Filter: /hotels/filter
2026-03-04 10:18:06.763 [main] INFO  com.trivago.automation.api.utils.APIConfig - Sort: /hotels/sort
2026-03-04 10:18:06.763 [main] INFO  com.trivago.automation.api.utils.APIConfig - Bookings: /bookings
2026-03-04 10:18:06.763 [main] INFO  com.trivago.automation.api.utils.APIConfig - ─────────────────────────────────────────────────────
2026-03-04 10:18:06.763 [main] INFO  com.trivago.automation.api.utils.APIConfig - TEST DATA
2026-03-04 10:18:06.763 [main] INFO  com.trivago.automation.api.utils.APIConfig - ─────────────────────────────────────────────────────
2026-03-04 10:18:06.763 [main] INFO  com.trivago.automation.api.utils.APIConfig - Destination: Paris
2026-03-04 10:18:06.764 [main] INFO  com.trivago.automation.api.utils.APIConfig - Check-in: 2024-03-10
2026-03-04 10:18:06.764 [main] INFO  com.trivago.automation.api.utils.APIConfig - Check-out: 2024-03-15
2026-03-04 10:18:06.764 [main] INFO  com.trivago.automation.api.utils.APIConfig - Adults: 2
2026-03-04 10:18:06.764 [main] INFO  com.trivago.automation.api.utils.APIConfig - Children: 1
2026-03-04 10:18:06.764 [main] INFO  com.trivago.automation.api.utils.APIConfig - ════════════════════════════════════════════════════════
2026-03-04 10:18:06.765 [main] INFO  com.trivago.automation.api.utils.APIConfig - ════════════════════════════════════════════════════════
2026-03-04 10:18:06.765 [main] INFO  com.trivago.automation.api.utils.APIConfig - API CONFIGURATION (from application.properties)
2026-03-04 10:18:06.765 [main] INFO  com.trivago.automation.api.utils.APIConfig - ════════════════════════════════════════════════════════
2026-03-04 10:18:06.765 [main] INFO  com.trivago.automation.api.utils.APIConfig - Base URL: http://localhost:8080
2026-03-04 10:18:06.765 [main] INFO  com.trivago.automation.api.utils.APIConfig - API Version: v1
2026-03-04 10:18:06.766 [main] INFO  com.trivago.automation.api.utils.APIConfig - Timeout: 10000 ms
2026-03-04 10:18:06.766 [main] INFO  com.trivago.automation.api.utils.APIConfig - Connection Timeout: 5000 ms
2026-03-04 10:18:06.766 [main] INFO  com.trivago.automation.api.utils.APIConfig - ─────────────────────────────────────────────────────
2026-03-04 10:18:06.766 [main] INFO  com.trivago.automation.api.utils.APIConfig - ENDPOINTS
2026-03-04 10:18:06.766 [main] INFO  com.trivago.automation.api.utils.APIConfig - ─────────────────────────────────────────────────────
2026-03-04 10:18:06.766 [main] INFO  com.trivago.automation.api.utils.APIConfig - Search: /hotels/search
2026-03-04 10:18:06.767 [main] INFO  com.trivago.automation.api.utils.APIConfig - Hotels: /hotels
2026-03-04 10:18:06.767 [main] INFO  com.trivago.automation.api.utils.APIConfig - Filter: /hotels/filter
2026-03-04 10:18:06.767 [main] INFO  com.trivago.automation.api.utils.APIConfig - Sort: /hotels/sort
2026-03-04 10:18:06.767 [main] INFO  com.trivago.automation.api.utils.APIConfig - Bookings: /bookings
2026-03-04 10:18:06.767 [main] INFO  com.trivago.automation.api.utils.APIConfig - ─────────────────────────────────────────────────────
2026-03-04 10:18:06.768 [main] INFO  com.trivago.automation.api.utils.APIConfig - TEST DATA
2026-03-04 10:18:06.768 [main] INFO  com.trivago.automation.api.utils.APIConfig - ─────────────────────────────────────────────────────
2026-03-04 10:18:06.768 [main] INFO  com.trivago.automation.api.utils.APIConfig - Destination: Paris
2026-03-04 10:18:06.769 [main] INFO  com.trivago.automation.api.utils.APIConfig - Check-in: 2024-03-10
2026-03-04 10:18:06.769 [main] INFO  com.trivago.automation.api.utils.APIConfig - Check-out: 2024-03-15
2026-03-04 10:18:06.769 [main] INFO  com.trivago.automation.api.utils.APIConfig - Adults: 2
2026-03-04 10:18:06.769 [main] INFO  com.trivago.automation.api.utils.APIConfig - Children: 1
2026-03-04 10:18:06.769 [main] INFO  com.trivago.automation.api.utils.APIConfig - ════════════════════════════════════════════════════════
2026-03-04 10:18:06.799 [main] INFO  com.trivago.automation.api.tests.HotelsAPITest - 
--- TEST 8: Create booking with valid data ---
2026-03-04 10:18:06.814 [main] INFO  com.trivago.automation.api.tests.HotelsAPITest - POST Request to: http://localhost:8080/v1/bookings
2026-03-04 10:18:06.815 [main] INFO  com.trivago.automation.api.tests.HotelsAPITest - Request Body: {
  "hotelId": 123,
  "destination": "Paris",
  "checkIn": "2024-03-10",
  "checkOut": "2024-03-15",
  "guests": {
    "adults": 2,
    "children": 1
  }
}
2026-03-04 10:18:14.746 [main] INFO  com.trivago.automation.api.tests.HotelsAPITest - Response Status: 201
2026-03-04 10:18:14.760 [main] INFO  com.trivago.automation.api.tests.HotelsAPITest - ✓ Status code is 201 (Booking created)
2026-03-04 10:18:16.793 [main] INFO  com.trivago.automation.api.tests.HotelsAPITest - ✓ Booking ID: BK12345678
2026-03-04 10:18:16.819 [main] INFO  com.trivago.automation.api.tests.HotelsAPITest - 
--- TEST 7: Filter by multiple amenities ---
2026-03-04 10:18:16.820 [main] INFO  com.trivago.automation.api.tests.HotelsAPITest - GET Request to: http://localhost:8080/v1/hotels/filter
2026-03-04 10:18:16.821 [main] INFO  com.trivago.automation.api.tests.HotelsAPITest -   Param: destination = Paris
2026-03-04 10:18:16.821 [main] INFO  com.trivago.automation.api.tests.HotelsAPITest -   Param: amenities = WiFi,Pool,Gym
2026-03-04 10:18:17.389 [main] INFO  com.trivago.automation.api.tests.HotelsAPITest - Response Status: 200
2026-03-04 10:18:17.392 [main] INFO  com.trivago.automation.api.tests.HotelsAPITest - ✓ Amenities filter applied
2026-03-04 10:18:17.398 [main] INFO  com.trivago.automation.api.tests.HotelsAPITest - 
--- TEST 9: Create booking with missing fields ---
2026-03-04 10:18:17.399 [main] INFO  com.trivago.automation.api.tests.HotelsAPITest - POST Request to: http://localhost:8080/v1/bookings
2026-03-04 10:18:17.399 [main] INFO  com.trivago.automation.api.tests.HotelsAPITest - Request Body: {
  "destination": "Paris",
  "checkIn": "2024-03-10"
}
2026-03-04 10:18:18.054 [main] INFO  com.trivago.automation.api.tests.HotelsAPITest - Response Status: 201
2026-03-04 10:18:18.080 [main] INFO  com.trivago.automation.api.tests.HotelsAPITest - 
--- TEST 6: Filter by price range ---
2026-03-04 10:18:18.080 [main] INFO  com.trivago.automation.api.tests.HotelsAPITest - GET Request to: http://localhost:8080/v1/hotels/filter
2026-03-04 10:18:18.081 [main] INFO  com.trivago.automation.api.tests.HotelsAPITest -   Param: destination = Paris
2026-03-04 10:18:18.081 [main] INFO  com.trivago.automation.api.tests.HotelsAPITest -   Param: checkIn = 2024-03-10
2026-03-04 10:18:18.081 [main] INFO  com.trivago.automation.api.tests.HotelsAPITest -   Param: checkOut = 2024-03-15
2026-03-04 10:18:18.081 [main] INFO  com.trivago.automation.api.tests.HotelsAPITest -   Param: priceMin = 100
2026-03-04 10:18:18.081 [main] INFO  com.trivago.automation.api.tests.HotelsAPITest -   Param: priceMax = 200
2026-03-04 10:18:18.525 [main] INFO  com.trivago.automation.api.tests.HotelsAPITest - Response Status: 200
2026-03-04 10:18:18.525 [main] INFO  com.trivago.automation.api.tests.HotelsAPITest - ✓ Price range filter applied
2026-03-04 10:18:18.596 [main] INFO  com.trivago.automation.api.tests.HotelsAPITest - ✓ All 2 hotels within price range
2026-03-04 10:18:18.600 [main] INFO  com.trivago.automation.api.tests.HotelsAPITest - 
--- TEST 12: Verify hotel object structure ---
2026-03-04 10:18:18.601 [main] INFO  com.trivago.automation.api.tests.HotelsAPITest - GET Request to: http://localhost:8080/v1/hotels/search
2026-03-04 10:18:18.601 [main] INFO  com.trivago.automation.api.tests.HotelsAPITest -   Param: destination = Paris
2026-03-04 10:18:18.601 [main] INFO  com.trivago.automation.api.tests.HotelsAPITest -   Param: checkIn = 2024-03-10
2026-03-04 10:18:18.601 [main] INFO  com.trivago.automation.api.tests.HotelsAPITest -   Param: checkOut = 2024-03-15
2026-03-04 10:18:19.137 [main] INFO  com.trivago.automation.api.tests.HotelsAPITest - Response Status: 200
2026-03-04 10:18:19.381 [main] INFO  com.trivago.automation.api.tests.HotelsAPITest - ✓ All required hotel fields present
2026-03-04 10:18:19.381 [main] INFO  com.trivago.automation.api.tests.HotelsAPITest -   ID: 1, Name: Hilton Paris, Price: 150.0, Rating: 4.5
2026-03-04 10:18:19.385 [main] INFO  com.trivago.automation.api.tests.HotelsAPITest - 
--- TEST 2: Search with missing parameters ---
2026-03-04 10:18:19.385 [main] INFO  com.trivago.automation.api.tests.HotelsAPITest - GET Request to: http://localhost:8080/v1/hotels/search
2026-03-04 10:18:19.385 [main] INFO  com.trivago.automation.api.tests.HotelsAPITest -   Param: checkIn = 2024-03-10
2026-03-04 10:18:19.385 [main] INFO  com.trivago.automation.api.tests.HotelsAPITest -   Param: checkOut = 2024-03-15
2026-03-04 10:18:19.421 [main] INFO  com.trivago.automation.api.tests.HotelsAPITest - Response Status: 400
2026-03-04 10:18:19.422 [main] INFO  com.trivago.automation.api.tests.HotelsAPITest - ✓ Returns 400 (error response as expected)
2026-03-04 10:18:19.425 [main] INFO  com.trivago.automation.api.tests.HotelsAPITest - 
--- TEST 5: Filter by rating ---
2026-03-04 10:18:19.426 [main] INFO  com.trivago.automation.api.tests.HotelsAPITest - GET Request to: http://localhost:8080/v1/hotels/filter
2026-03-04 10:18:19.426 [main] INFO  com.trivago.automation.api.tests.HotelsAPITest -   Param: destination = Paris
2026-03-04 10:18:19.427 [main] INFO  com.trivago.automation.api.tests.HotelsAPITest -   Param: checkIn = 2024-03-10
2026-03-04 10:18:19.427 [main] INFO  com.trivago.automation.api.tests.HotelsAPITest -   Param: checkOut = 2024-03-15
2026-03-04 10:18:19.427 [main] INFO  com.trivago.automation.api.tests.HotelsAPITest -   Param: rating = 4.5
2026-03-04 10:18:19.874 [main] INFO  com.trivago.automation.api.tests.HotelsAPITest - Response Status: 200
2026-03-04 10:18:19.878 [main] INFO  com.trivago.automation.api.tests.HotelsAPITest - ✓ Filter request successful
2026-03-04 10:18:19.915 [main] INFO  com.trivago.automation.api.tests.HotelsAPITest - ✓ All 2 hotels have rating >= 4.5
2026-03-04 10:18:19.919 [main] INFO  com.trivago.automation.api.tests.HotelsAPITest - 
--- TEST 10: Create booking with invalid dates ---
2026-03-04 10:18:19.920 [main] INFO  com.trivago.automation.api.tests.HotelsAPITest - POST Request to: http://localhost:8080/v1/bookings
2026-03-04 10:18:19.921 [main] INFO  com.trivago.automation.api.tests.HotelsAPITest - Request Body: {
  "hotelId": 123,
  "checkIn": "2024-03-15",
  "checkOut": "2024-03-10",
  "guests": { "adults": 2 }
}
2026-03-04 10:18:20.560 [main] INFO  com.trivago.automation.api.tests.HotelsAPITest - Response Status: 201
2026-03-04 10:18:20.568 [main] INFO  com.trivago.automation.api.tests.HotelsAPITest - 
--- TEST 3: Search with invalid date format ---
2026-03-04 10:18:20.569 [main] INFO  com.trivago.automation.api.tests.HotelsAPITest - GET Request to: http://localhost:8080/v1/hotels/search
2026-03-04 10:18:20.569 [main] INFO  com.trivago.automation.api.tests.HotelsAPITest -   Param: destination = Paris
2026-03-04 10:18:20.569 [main] INFO  com.trivago.automation.api.tests.HotelsAPITest -   Param: checkIn = invalid-date
2026-03-04 10:18:20.569 [main] INFO  com.trivago.automation.api.tests.HotelsAPITest -   Param: checkOut = 2024-03-15
2026-03-04 10:18:21.106 [main] INFO  com.trivago.automation.api.tests.HotelsAPITest - Response Status: 200
2026-03-04 10:18:21.112 [main] INFO  com.trivago.automation.api.tests.HotelsAPITest - 
--- TEST 11: Verify response JSON structure ---
2026-03-04 10:18:21.112 [main] INFO  com.trivago.automation.api.tests.HotelsAPITest - GET Request to: http://localhost:8080/v1/hotels/search
2026-03-04 10:18:21.113 [main] INFO  com.trivago.automation.api.tests.HotelsAPITest -   Param: destination = Paris
2026-03-04 10:18:21.113 [main] INFO  com.trivago.automation.api.tests.HotelsAPITest -   Param: checkIn = 2024-03-10
2026-03-04 10:18:21.113 [main] INFO  com.trivago.automation.api.tests.HotelsAPITest -   Param: checkOut = 2024-03-15
2026-03-04 10:18:21.639 [main] INFO  com.trivago.automation.api.tests.HotelsAPITest - Response Status: 200
2026-03-04 10:18:21.692 [main] INFO  com.trivago.automation.api.tests.HotelsAPITest - ✓ JSON structure is valid
2026-03-04 10:18:21.697 [main] INFO  com.trivago.automation.api.tests.HotelsAPITest - 
--- TEST 4: Search with past dates ---
2026-03-04 10:18:21.697 [main] INFO  com.trivago.automation.api.tests.HotelsAPITest - GET Request to: http://localhost:8080/v1/hotels/search
2026-03-04 10:18:21.697 [main] INFO  com.trivago.automation.api.tests.HotelsAPITest -   Param: destination = Paris
2026-03-04 10:18:21.697 [main] INFO  com.trivago.automation.api.tests.HotelsAPITest -   Param: checkIn = 2020-01-01
2026-03-04 10:18:21.699 [main] INFO  com.trivago.automation.api.tests.HotelsAPITest -   Param: checkOut = 2020-01-10
2026-03-04 10:18:22.241 [main] INFO  com.trivago.automation.api.tests.HotelsAPITest - Response Status: 200
2026-03-04 10:18:22.264 [main] INFO  com.trivago.automation.api.tests.HotelsAPITest - 
--- TEST 1: Search with valid parameters ---
2026-03-04 10:18:22.265 [main] INFO  com.trivago.automation.api.tests.HotelsAPITest - GET Request to: http://localhost:8080/v1/hotels/search
2026-03-04 10:18:22.265 [main] INFO  com.trivago.automation.api.tests.HotelsAPITest -   Param: destination = Paris
2026-03-04 10:18:22.265 [main] INFO  com.trivago.automation.api.tests.HotelsAPITest -   Param: checkIn = 2024-03-10
2026-03-04 10:18:22.265 [main] INFO  com.trivago.automation.api.tests.HotelsAPITest -   Param: checkOut = 2024-03-15
2026-03-04 10:18:22.266 [main] INFO  com.trivago.automation.api.tests.HotelsAPITest -   Param: adults = 2
2026-03-04 10:18:22.266 [main] INFO  com.trivago.automation.api.tests.HotelsAPITest -   Param: children = 1
2026-03-04 10:18:22.806 [main] INFO  com.trivago.automation.api.tests.HotelsAPITest - Response Status: 200
2026-03-04 10:18:22.806 [main] INFO  com.trivago.automation.api.tests.HotelsAPITest - ✓ Status code is 200
2026-03-04 10:18:22.841 [main] INFO  com.trivago.automation.api.tests.HotelsAPITest - ✓ Found 5 hotels
2026-03-04 10:18:22.872 [main] INFO  com.trivago.automation.api.tests.HotelsAPITest - ✓ Response has status field
2026-03-04 10:18:22.884 [main] INFO  com.trivago.automation.api.tests.HotelsAPITest - 

2026-03-04 10:18:22.884 [main] INFO  com.trivago.automation.api.tests.HotelsAPITest - ╔════════════════════════════════════════════════════════╗
2026-03-04 10:18:22.884 [main] INFO  com.trivago.automation.api.tests.HotelsAPITest - ║         STOPPING MOCK API SERVER                       ║
2026-03-04 10:18:22.884 [main] INFO  com.trivago.automation.api.tests.HotelsAPITest - ╚════════════════════════════════════════════════════════╝
2026-03-04 10:18:22.905 [main] INFO  org.eclipse.jetty.server.AbstractConnector - Stopped NetworkTrafficServerConnector@412c995d{HTTP/1.1, (http/1.1, h2c)}{0.0.0.0:8080}
2026-03-04 10:18:22.908 [main] INFO  org.eclipse.jetty.server.handler.ContextHandler - Stopped o.e.j.s.ServletContextHandler@57a48985{/,null,STOPPED}
2026-03-04 10:18:22.909 [main] INFO  org.eclipse.jetty.server.handler.ContextHandler - Stopped o.e.j.s.ServletContextHandler@1fde4f40{/__admin,null,STOPPED}
2026-03-04 10:18:22.915 [main] INFO  com.trivago.automation.api.mock.MockApiServer - ════════════════════════════════════════════════════════
2026-03-04 10:18:22.915 [main] INFO  com.trivago.automation.api.mock.MockApiServer - ✓ MOCK API SERVER STOPPED
2026-03-04 10:18:22.915 [main] INFO  com.trivago.automation.api.mock.MockApiServer - ════════════════════════════════════════════════════════
